<?xml version="1.0" encoding="UTF-8"?>
<testsuite name="babysitter.BabySitterTest" tests="8" skipped="0" failures="0" errors="0" timestamp="2020-11-16T07:28:45" hostname="UNIT2020-25" time="0.085">
  <properties/>
  <testcase name="MidnightToEndingShouldPay64()" classname="babysitter.BabySitterTest" time="0.069"/>
  <testcase name="withOneHourPreBedtimeAndFourHoursPreMidnightPostBedtimeHoursWouldPayDay48()" classname="babysitter.BabySitterTest" time="0.001"/>
  <testcase name="bedTimeCanBeBetween17And23OrBeforeStartShiftOrAfterAndShift()" classname="babysitter.BabySitterTest" time="0.003"/>
  <testcase name="oneHourPreBedTimeShouldPay12()" classname="babysitter.BabySitterTest" time="0.001"/>
  <testcase name="paid12$HourFromTheStartOfTheirShiftToTheChildrenBedtime()" classname="babysitter.BabySitterTest" time="0.001"/>
  <testcase name="withOneHourPreBedtimeAndOneHourPreMidnightPostBedtimeHoursWouldRemain$20()" classname="babysitter.BabySitterTest" time="0.001"/>
  <testcase name="allowPartialHourPayAndTakeStartEndTimesAStringArguments()" classname="babysitter.BabySitterTest" time="0.002"/>
  <testcase name="paid$8HourFromTheChildrenBedtimeToMidnight()" classname="babysitter.BabySitterTest" time="0.001"/>
  <system-out><![CDATA[]]></system-out>
  <system-err><![CDATA[]]></system-err>
</testsuite>
